0 info it worked if it ends with ok
1 verbose cli [ '/Users/chrisgregori/.nvm/versions/node/v6.9.1/bin/node',
1 verbose cli   '/Users/chrisgregori/.nvm/versions/node/v6.9.1/bin/npm',
1 verbose cli   'publish' ]
2 info using npm@3.10.8
3 info using node@v6.9.1
4 verbose publish [ '.' ]
5 silly cache add args [ '.', null ]
6 verbose cache add spec .
7 silly cache add parsed spec Result {
7 silly cache add   raw: '.',
7 silly cache add   scope: null,
7 silly cache add   escapedName: null,
7 silly cache add   name: null,
7 silly cache add   rawSpec: '.',
7 silly cache add   spec: '/Users/chrisgregori/Projects/react-delayed-list',
7 silly cache add   type: 'directory' }
8 verbose addLocalDirectory /Users/chrisgregori/.npm/react-delayed-list/1.0.0/package.tgz not in flight; packing
9 verbose correctMkdir /Users/chrisgregori/.npm correctMkdir not in flight; initializing
10 info lifecycle react-delayed-list@1.0.0~prepublish: react-delayed-list@1.0.0
11 silly lifecycle react-delayed-list@1.0.0~prepublish: no script for prepublish, continuing
12 verbose tar pack [ '/Users/chrisgregori/.npm/react-delayed-list/1.0.0/package.tgz',
12 verbose tar pack   '/Users/chrisgregori/Projects/react-delayed-list' ]
13 verbose tarball /Users/chrisgregori/.npm/react-delayed-list/1.0.0/package.tgz
14 verbose folder /Users/chrisgregori/Projects/react-delayed-list
15 verbose addLocalTarball adding from inside cache /Users/chrisgregori/.npm/react-delayed-list/1.0.0/package.tgz
16 verbose correctMkdir /Users/chrisgregori/.npm correctMkdir not in flight; initializing
17 silly cache afterAdd react-delayed-list@1.0.0
18 verbose afterAdd /Users/chrisgregori/.npm/react-delayed-list/1.0.0/package/package.json not in flight; writing
19 verbose correctMkdir /Users/chrisgregori/.npm correctMkdir not in flight; initializing
20 verbose afterAdd /Users/chrisgregori/.npm/react-delayed-list/1.0.0/package/package.json written
21 silly publish { name: 'react-delayed-list',
21 silly publish   version: '1.0.0',
21 silly publish   description: 'A delayed list rendering React component',
21 silly publish   main: 'lib/index.js',
21 silly publish   scripts:
21 silly publish    { clean: 'rm -rf lib && mkdir lib',
21 silly publish      build: 'npm run clean && babel src --out-file lib/index.js --ignore test.js',
21 silly publish      test: 'jest',
21 silly publish      storybook: 'start-storybook -p 6006',
21 silly publish      'build-storybook': 'build-storybook' },
21 silly publish   keywords: [ 'react', 'component', 'UI' ],
21 silly publish   repository:
21 silly publish    { type: 'git',
21 silly publish      url: 'git+https://github.com/chrisgreg/react-delayed-list.git' },
21 silly publish   author: { name: 'Chris Gregori', email: 'chrisgreg23@googlemail.com' },
21 silly publish   license: 'ISC',
21 silly publish   dependencies:
21 silly publish    { react: '^15.4.2',
21 silly publish      'react-addons-css-transition-group': '^15.4.2' },
21 silly publish   devDependencies:
21 silly publish    { '@kadira/storybook': '^2.21.0',
21 silly publish      'babel-cli': '^6.24.0',
21 silly publish      'babel-core': '^6.24.0',
21 silly publish      'babel-loader': '^6.4.1',
21 silly publish      'babel-preset-latest': '^6.24.0',
21 silly publish      'babel-preset-react': '^6.23.0',
21 silly publish      'react-dom': '^15.4.2' },
21 silly publish   readme: '# react-delayed-list\n\n## What?\n\nA delayed list rendering React component.\n\nPass in a delay prop and each child prop of the DelayedList will be rendered that many milliseconds apart from each other.\n\nReactCSSTransitionGroup inbuilt to allow animations per child on render.\n\n![Example](example-gif.gif)\n\n## Installation\n\n`npm install --save react-delayed-list`\n\n## API\n\nTwo props are taken:\n- `delay` - time between child rendering in ms\n- `transitionClass` - CSS class name to use with ReactCSSTransitionGroup. Defaults to `delayed-list-items`\n\n\n## Examples\n\n### 1 second delay\n```\n<DelayedList delay={1000}>\n  <h1>DelayedList</h1>\n  <h2>Is</h2>\n  <h3>Awesome</h3>\n</DelayedList>\n```\n\n### 500 millisecond delay with animation\n```\nimport \'./style.css\';\n\n...\n\n<DelayedList delay={500} transitionClass=\'mylist\'>\n  <h1>DelayedList</h1>\n  <h2>Is</h2>\n  <h3>Awesome</h3>\n</DelayedList>\n\n\n\n// style.css\n\n.mylist-enter {\n    opacity: 0;\n    transform:   translate(-250px,0);\n    transform: translate3d(-250px,0,0);\n}\n\n.mylist-enter.mylist-enter-active {\n  \topacity: 1;\n  \ttransition: opacity 1s ease;\n  \ttransform: translate(0,0);\n  \ttransform: translate3d(0,0,0);\n  \ttransition-property: transform, opacity;\n  \ttransition-duration: 500ms;\n  \ttransition-timing-function: cubic-bezier(0.175, 0.665, 0.320, 1), linear;\n}\n\n```\n\n## Todo:\n\n- Tests\n- Benchmarks\n',
21 silly publish   readmeFilename: 'readme.md',
21 silly publish   gitHead: 'd7426676e12a8a1d6ad6767a9e656d423c3f2cf5',
21 silly publish   bugs: { url: 'https://github.com/chrisgreg/react-delayed-list/issues' },
21 silly publish   homepage: 'https://github.com/chrisgreg/react-delayed-list#readme',
21 silly publish   _id: 'react-delayed-list@1.0.0',
21 silly publish   _shasum: '55d88879a58533eb4ee1923929875da385907c65',
21 silly publish   _from: '.' }
22 verbose getPublishConfig undefined
23 silly mapToRegistry name react-delayed-list
24 silly mapToRegistry using default registry
25 silly mapToRegistry registry https://registry.npmjs.org/
26 silly mapToRegistry data Result {
26 silly mapToRegistry   raw: 'react-delayed-list',
26 silly mapToRegistry   scope: null,
26 silly mapToRegistry   escapedName: 'react-delayed-list',
26 silly mapToRegistry   name: 'react-delayed-list',
26 silly mapToRegistry   rawSpec: '',
26 silly mapToRegistry   spec: 'latest',
26 silly mapToRegistry   type: 'tag' }
27 silly mapToRegistry uri https://registry.npmjs.org/react-delayed-list
28 verbose publish registryBase https://registry.npmjs.org/
29 silly publish uploading /Users/chrisgregori/.npm/react-delayed-list/1.0.0/package.tgz
30 verbose request uri https://registry.npmjs.org/react-delayed-list
31 verbose request sending authorization for write operation
32 info attempt registry request try #1 at 5:34:13 PM
33 verbose request using bearer token for auth
34 verbose request id 0cfddd66c1433e3b
35 http request PUT https://registry.npmjs.org/react-delayed-list
36 http 403 https://registry.npmjs.org/react-delayed-list
37 verbose headers { 'content-type': 'application/json',
37 verbose headers   'cache-control': 'max-age=300',
37 verbose headers   'content-length': '95',
37 verbose headers   'accept-ranges': 'bytes',
37 verbose headers   date: 'Sun, 26 Mar 2017 16:34:15 GMT',
37 verbose headers   via: '1.1 varnish',
37 verbose headers   connection: 'keep-alive',
37 verbose headers   'x-served-by': 'cache-lhr6332-LHR',
37 verbose headers   'x-cache': 'MISS',
37 verbose headers   'x-cache-hits': '0',
37 verbose headers   'x-timer': 'S1490546053.813864,VS0,VE1208',
37 verbose headers   vary: 'Accept-Encoding' }
38 verbose request invalidating /Users/chrisgregori/.npm/registry.npmjs.org/react-delayed-list on PUT
39 error publish Failed PUT 403
40 verbose stack Error: "You cannot publish over the previously published version 1.0.0." : react-delayed-list
40 verbose stack     at makeError (/Users/chrisgregori/.nvm/versions/node/v6.9.1/lib/node_modules/npm/node_modules/npm-registry-client/lib/request.js:302:12)
40 verbose stack     at CachingRegistryClient.<anonymous> (/Users/chrisgregori/.nvm/versions/node/v6.9.1/lib/node_modules/npm/node_modules/npm-registry-client/lib/request.js:290:14)
40 verbose stack     at Request._callback (/Users/chrisgregori/.nvm/versions/node/v6.9.1/lib/node_modules/npm/node_modules/npm-registry-client/lib/request.js:210:14)
40 verbose stack     at Request.self.callback (/Users/chrisgregori/.nvm/versions/node/v6.9.1/lib/node_modules/npm/node_modules/request/request.js:187:22)
40 verbose stack     at emitTwo (events.js:106:13)
40 verbose stack     at Request.emit (events.js:191:7)
40 verbose stack     at Request.<anonymous> (/Users/chrisgregori/.nvm/versions/node/v6.9.1/lib/node_modules/npm/node_modules/request/request.js:1044:10)
40 verbose stack     at emitOne (events.js:96:13)
40 verbose stack     at Request.emit (events.js:188:7)
40 verbose stack     at IncomingMessage.<anonymous> (/Users/chrisgregori/.nvm/versions/node/v6.9.1/lib/node_modules/npm/node_modules/request/request.js:965:12)
41 verbose statusCode 403
42 verbose pkgid react-delayed-list
43 verbose cwd /Users/chrisgregori/Projects/react-delayed-list
44 error Darwin 15.5.0
45 error argv "/Users/chrisgregori/.nvm/versions/node/v6.9.1/bin/node" "/Users/chrisgregori/.nvm/versions/node/v6.9.1/bin/npm" "publish"
46 error node v6.9.1
47 error npm  v3.10.8
48 error code E403
49 error "You cannot publish over the previously published version 1.0.0." : react-delayed-list
50 error If you need help, you may report this error at:
50 error     <https://github.com/npm/npm/issues>
51 verbose exit [ 1, true ]
